[07-Nov-2017 23:31:01 UTC] PHP Fatal error:  Uncaught exception 'PDOException' with message 'SQLSTATE[HY000] [1049] Unknown database 'teamproject'' in /home/ubuntu/workspace/cst336_project/index.php:21
Stack trace:
#0 /home/ubuntu/workspace/cst336_project/index.php(21): PDO->__construct('mysql:host=loca...', 'root', '')
#1 /home/ubuntu/workspace/cst336_project/index.php(3): getDatabaseConnection()
#2 {main}
  thrown in /home/ubuntu/workspace/cst336_project/index.php on line 21
[08-Nov-2017 00:23:55 UTC] PHP Parse error:  syntax error, unexpected '[', expecting ']' in /home/ubuntu/workspace/cst336_project/index.php on line 110
[08-Nov-2017 01:14:14 UTC] PHP Parse error:  syntax error, unexpected '' (T_ENCAPSED_AND_WHITESPACE), expecting identifier (T_STRING) or variable (T_VARIABLE) or number (T_NUM_STRING) in /home/ubuntu/workspace/cst336_project/index.php on line 112
[08-Nov-2017 01:14:35 UTC] PHP Parse error:  syntax error, unexpected '' (T_ENCAPSED_AND_WHITESPACE), expecting identifier (T_STRING) or variable (T_VARIABLE) or number (T_NUM_STRING) in /home/ubuntu/workspace/cst336_project/index.php on line 112
[08-Nov-2017 01:14:37 UTC] PHP Parse error:  syntax error, unexpected '' (T_ENCAPSED_AND_WHITESPACE), expecting identifier (T_STRING) or variable (T_VARIABLE) or number (T_NUM_STRING) in /home/ubuntu/workspace/cst336_project/index.php on line 112
[08-Nov-2017 01:14:38 UTC] PHP Parse error:  syntax error, unexpected '' (T_ENCAPSED_AND_WHITESPACE), expecting identifier (T_STRING) or variable (T_VARIABLE) or number (T_NUM_STRING) in /home/ubuntu/workspace/cst336_project/index.php on line 112
[08-Nov-2017 01:14:38 UTC] PHP Parse error:  syntax error, unexpected '' (T_ENCAPSED_AND_WHITESPACE), expecting identifier (T_STRING) or variable (T_VARIABLE) or number (T_NUM_STRING) in /home/ubuntu/workspace/cst336_project/index.php on line 112
[08-Nov-2017 01:14:39 UTC] PHP Parse error:  syntax error, unexpected '' (T_ENCAPSED_AND_WHITESPACE), expecting identifier (T_STRING) or variable (T_VARIABLE) or number (T_NUM_STRING) in /home/ubuntu/workspace/cst336_project/index.php on line 112
[08-Nov-2017 01:22:39 UTC] PHP Parse error:  syntax error, unexpected '' (T_ENCAPSED_AND_WHITESPACE), expecting identifier (T_STRING) or variable (T_VARIABLE) or number (T_NUM_STRING) in /home/ubuntu/workspace/cst336_project/index.php on line 112
[08-Nov-2017 03:48:22 UTC] PHP Fatal error:  Uncaught exception 'PDOException' with message 'SQLSTATE[42S02]: Base table or view not found: 1146 Table 'tcp.item_category' doesn't exist' in /home/ubuntu/workspace/cst336_project/index.php:33
Stack trace:
#0 /home/ubuntu/workspace/cst336_project/index.php(33): PDOStatement->execute()
#1 /home/ubuntu/workspace/cst336_project/index.php(164): getItemTypes()
#2 {main}
  thrown in /home/ubuntu/workspace/cst336_project/index.php on line 33
[08-Nov-2017 03:56:27 UTC] PHP Fatal error:  Uncaught exception 'PDOException' with message 'SQLSTATE[HY000] [1049] Unknown database 'table'' in /home/ubuntu/workspace/cst336_project/index.php:22
Stack trace:
#0 /home/ubuntu/workspace/cst336_project/index.php(22): PDO->__construct('mysql:host=loca...', 'root', '')
#1 /home/ubuntu/workspace/cst336_project/index.php(4): getDatabaseConnection()
#2 {main}
  thrown in /home/ubuntu/workspace/cst336_project/index.php on line 22
[08-Nov-2017 03:57:47 UTC] PHP Fatal error:  Call to undefined function cartAdd() in /home/ubuntu/workspace/cst336_project/index.php on line 111
[08-Nov-2017 03:57:47 UTC] PHP Stack trace:
[08-Nov-2017 03:57:47 UTC] PHP   1. {main}() /home/ubuntu/workspace/cst336_project/index.php:0
[08-Nov-2017 03:57:47 UTC] PHP   2. displayItems() /home/ubuntu/workspace/cst336_project/index.php:192
[08-Nov-2017 03:59:01 UTC] PHP Fatal error:  Call to undefined function cartAdd() in /home/ubuntu/workspace/cst336_project/index.php on line 111
[08-Nov-2017 03:59:01 UTC] PHP Stack trace:
[08-Nov-2017 03:59:01 UTC] PHP   1. {main}() /home/ubuntu/workspace/cst336_project/index.php:0
[08-Nov-2017 03:59:01 UTC] PHP   2. displayItems() /home/ubuntu/workspace/cst336_project/index.php:192
[08-Nov-2017 04:15:15 UTC] PHP Fatal error:  Call to undefined function addToCart() in /home/ubuntu/workspace/cst336_project/index.php on line 111
[08-Nov-2017 04:15:15 UTC] PHP Stack trace:
[08-Nov-2017 04:15:15 UTC] PHP   1. {main}() /home/ubuntu/workspace/cst336_project/index.php:0
[08-Nov-2017 04:15:15 UTC] PHP   2. displayItems() /home/ubuntu/workspace/cst336_project/index.php:194
[08-Nov-2017 04:15:41 UTC] PHP Fatal error:  Call to undefined function addToCart() in /home/ubuntu/workspace/cst336_project/index.php on line 111
[08-Nov-2017 04:15:41 UTC] PHP Stack trace:
[08-Nov-2017 04:15:41 UTC] PHP   1. {main}() /home/ubuntu/workspace/cst336_project/index.php:0
[08-Nov-2017 04:15:41 UTC] PHP   2. displayItems() /home/ubuntu/workspace/cst336_project/index.php:194
[08-Nov-2017 04:18:38 UTC] PHP Fatal error:  Call to undefined function addToCart() in /home/ubuntu/workspace/cst336_project/index.php on line 111
[08-Nov-2017 04:18:38 UTC] PHP Stack trace:
[08-Nov-2017 04:18:38 UTC] PHP   1. {main}() /home/ubuntu/workspace/cst336_project/index.php:0
[08-Nov-2017 04:18:38 UTC] PHP   2. displayItems() /home/ubuntu/workspace/cst336_project/index.php:194
[08-Nov-2017 04:27:19 UTC] PHP Fatal error:  Call to undefined function addToCart() in /home/ubuntu/workspace/cst336_project/index.php on line 111
[08-Nov-2017 04:27:19 UTC] PHP Stack trace:
[08-Nov-2017 04:27:19 UTC] PHP   1. {main}() /home/ubuntu/workspace/cst336_project/index.php:0
[08-Nov-2017 04:27:19 UTC] PHP   2. displayItems() /home/ubuntu/workspace/cst336_project/index.php:194
[08-Nov-2017 04:29:19 UTC] PHP Fatal error:  Call to undefined function addToCart() in /home/ubuntu/workspace/cst336_project/index.php on line 111
[08-Nov-2017 04:29:19 UTC] PHP Stack trace:
[08-Nov-2017 04:29:19 UTC] PHP   1. {main}() /home/ubuntu/workspace/cst336_project/index.php:0
[08-Nov-2017 04:29:19 UTC] PHP   2. displayItems() /home/ubuntu/workspace/cst336_project/index.php:188
[08-Nov-2017 04:39:07 UTC] PHP Fatal error:  Call to undefined function addToCart() in /home/ubuntu/workspace/cst336_project/index.php on line 111
[08-Nov-2017 04:39:07 UTC] PHP Stack trace:
[08-Nov-2017 04:39:07 UTC] PHP   1. {main}() /home/ubuntu/workspace/cst336_project/index.php:0
[08-Nov-2017 04:39:07 UTC] PHP   2. displayItems() /home/ubuntu/workspace/cst336_project/index.php:194
[08-Nov-2017 04:45:01 UTC] PHP Parse error:  syntax error, unexpected '' (T_ENCAPSED_AND_WHITESPACE), expecting identifier (T_STRING) or variable (T_VARIABLE) or number (T_NUM_STRING) in /home/ubuntu/workspace/cst336_project/index.php on line 112
[08-Nov-2017 05:01:47 UTC] PHP Fatal error:  Function name must be a string in /home/ubuntu/workspace/cst336_project/cart.php on line 5
[08-Nov-2017 05:01:47 UTC] PHP Stack trace:
[08-Nov-2017 05:01:47 UTC] PHP   1. {main}() /home/ubuntu/workspace/cst336_project/cart.php:0
[08-Nov-2017 05:02:15 UTC] PHP Fatal error:  Function name must be a string in /home/ubuntu/workspace/cst336_project/cart.php on line 5
[08-Nov-2017 05:02:15 UTC] PHP Stack trace:
[08-Nov-2017 05:02:15 UTC] PHP   1. {main}() /home/ubuntu/workspace/cst336_project/cart.php:0
[08-Nov-2017 05:02:20 UTC] PHP Fatal error:  Function name must be a string in /home/ubuntu/workspace/cst336_project/cart.php on line 5
[08-Nov-2017 05:02:20 UTC] PHP Stack trace:
[08-Nov-2017 05:02:20 UTC] PHP   1. {main}() /home/ubuntu/workspace/cst336_project/cart.php:0
[08-Nov-2017 05:08:36 UTC] PHP Fatal error:  Function name must be a string in /home/ubuntu/workspace/cst336_project/cart.php on line 5
[08-Nov-2017 05:08:36 UTC] PHP Stack trace:
[08-Nov-2017 05:08:36 UTC] PHP   1. {main}() /home/ubuntu/workspace/cst336_project/cart.php:0
[08-Nov-2017 05:41:45 UTC] PHP Fatal error:  Cannot use [] for reading in /home/ubuntu/workspace/cst336_project/cart.php on line 13
[08-Nov-2017 05:44:15 UTC] PHP Fatal error:  Cannot use [] for reading in /home/ubuntu/workspace/cst336_project/cart.php on line 13
[08-Nov-2017 05:44:20 UTC] PHP Fatal error:  Cannot use [] for reading in /home/ubuntu/workspace/cst336_project/cart.php on line 13
[08-Nov-2017 05:47:29 UTC] PHP Parse error:  syntax error, unexpected '}' in /home/ubuntu/workspace/cst336_project/cart.php on line 45
[08-Nov-2017 05:48:51 UTC] PHP Parse error:  syntax error, unexpected '}' in /home/ubuntu/workspace/cst336_project/cart.php on line 45
[08-Nov-2017 05:48:52 UTC] PHP Parse error:  syntax error, unexpected '}' in /home/ubuntu/workspace/cst336_project/cart.php on line 45
[08-Nov-2017 05:48:52 UTC] PHP Parse error:  syntax error, unexpected '}' in /home/ubuntu/workspace/cst336_project/cart.php on line 45
[08-Nov-2017 05:48:52 UTC] PHP Parse error:  syntax error, unexpected '}' in /home/ubuntu/workspace/cst336_project/cart.php on line 45
[08-Nov-2017 05:48:53 UTC] PHP Parse error:  syntax error, unexpected '}' in /home/ubuntu/workspace/cst336_project/cart.php on line 45
[08-Nov-2017 05:50:03 UTC] PHP Fatal error:  Call to a member function prepare() on a non-object in /home/ubuntu/workspace/cst336_project/cart.php on line 20
[08-Nov-2017 05:50:03 UTC] PHP Stack trace:
[08-Nov-2017 05:50:03 UTC] PHP   1. {main}() /home/ubuntu/workspace/cst336_project/cart.php:0
[08-Nov-2017 05:50:03 UTC] PHP   2. displayCart() /home/ubuntu/workspace/cst336_project/cart.php:62
[08-Nov-2017 05:50:40 UTC] PHP Fatal error:  Call to a member function prepare() on a non-object in /home/ubuntu/workspace/cst336_project/cart.php on line 43
[08-Nov-2017 05:50:40 UTC] PHP Stack trace:
[08-Nov-2017 05:50:40 UTC] PHP   1. {main}() /home/ubuntu/workspace/cst336_project/cart.php:0
[08-Nov-2017 05:50:40 UTC] PHP   2. displayCart() /home/ubuntu/workspace/cst336_project/cart.php:85
[08-Nov-2017 18:51:49 UTC] PHP Warning:  include(../../dbConn.php): failed to open stream: No such file or directory in /home/ubuntu/workspace/groupProject2/index.php on line 4
[08-Nov-2017 18:51:49 UTC] PHP Stack trace:
[08-Nov-2017 18:51:49 UTC] PHP   1. {main}() /home/ubuntu/workspace/groupProject2/index.php:0
[08-Nov-2017 18:51:49 UTC] PHP Warning:  include(): Failed opening '../../dbConn.php' for inclusion (include_path='.:/usr/share/php:/usr/share/pear') in /home/ubuntu/workspace/groupProject2/index.php on line 4
[08-Nov-2017 18:51:49 UTC] PHP Stack trace:
[08-Nov-2017 18:51:49 UTC] PHP   1. {main}() /home/ubuntu/workspace/groupProject2/index.php:0
[08-Nov-2017 18:51:49 UTC] PHP Fatal error:  Call to a member function prepare() on a non-object in /home/ubuntu/workspace/groupProject2/index.php on line 10
[08-Nov-2017 18:51:49 UTC] PHP Stack trace:
[08-Nov-2017 18:51:49 UTC] PHP   1. {main}() /home/ubuntu/workspace/groupProject2/index.php:0
[08-Nov-2017 18:51:49 UTC] PHP   2. getItemTypes() /home/ubuntu/workspace/groupProject2/index.php:140
[08-Nov-2017 18:52:32 UTC] PHP Warning:  include(../../dbConn.php): failed to open stream: No such file or directory in /home/ubuntu/workspace/groupProject2/index.php on line 4
[08-Nov-2017 18:52:32 UTC] PHP Stack trace:
[08-Nov-2017 18:52:32 UTC] PHP   1. {main}() /home/ubuntu/workspace/groupProject2/index.php:0
[08-Nov-2017 18:52:32 UTC] PHP Warning:  include(): Failed opening '../../dbConn.php' for inclusion (include_path='.:/usr/share/php:/usr/share/pear') in /home/ubuntu/workspace/groupProject2/index.php on line 4
[08-Nov-2017 18:52:32 UTC] PHP Stack trace:
[08-Nov-2017 18:52:32 UTC] PHP   1. {main}() /home/ubuntu/workspace/groupProject2/index.php:0
[08-Nov-2017 18:52:32 UTC] PHP Fatal error:  Call to a member function prepare() on a non-object in /home/ubuntu/workspace/groupProject2/index.php on line 10
[08-Nov-2017 18:52:32 UTC] PHP Stack trace:
[08-Nov-2017 18:52:32 UTC] PHP   1. {main}() /home/ubuntu/workspace/groupProject2/index.php:0
[08-Nov-2017 18:52:32 UTC] PHP   2. getItemTypes() /home/ubuntu/workspace/groupProject2/index.php:140
[08-Nov-2017 18:52:35 UTC] PHP Warning:  include(../../dbConn.php): failed to open stream: No such file or directory in /home/ubuntu/workspace/groupProject2/index.php on line 4
[08-Nov-2017 18:52:35 UTC] PHP Stack trace:
[08-Nov-2017 18:52:35 UTC] PHP   1. {main}() /home/ubuntu/workspace/groupProject2/index.php:0
[08-Nov-2017 18:52:35 UTC] PHP Warning:  include(): Failed opening '../../dbConn.php' for inclusion (include_path='.:/usr/share/php:/usr/share/pear') in /home/ubuntu/workspace/groupProject2/index.php on line 4
[08-Nov-2017 18:52:35 UTC] PHP Stack trace:
[08-Nov-2017 18:52:35 UTC] PHP   1. {main}() /home/ubuntu/workspace/groupProject2/index.php:0
[08-Nov-2017 18:52:35 UTC] PHP Fatal error:  Call to a member function prepare() on a non-object in /home/ubuntu/workspace/groupProject2/index.php on line 10
[08-Nov-2017 18:52:35 UTC] PHP Stack trace:
[08-Nov-2017 18:52:35 UTC] PHP   1. {main}() /home/ubuntu/workspace/groupProject2/index.php:0
[08-Nov-2017 18:52:35 UTC] PHP   2. getItemTypes() /home/ubuntu/workspace/groupProject2/index.php:140
[08-Nov-2017 18:52:57 UTC] PHP Fatal error:  Call to undefined function getDatabaseConnection() in /home/ubuntu/workspace/groupProject2/cart.php on line 8
[08-Nov-2017 18:52:57 UTC] PHP Stack trace:
[08-Nov-2017 18:52:57 UTC] PHP   1. {main}() /home/ubuntu/workspace/groupProject2/cart.php:0
[08-Nov-2017 18:52:57 UTC] PHP   2. displayItems() /home/ubuntu/workspace/groupProject2/cart.php:77
[08-Nov-2017 18:53:26 UTC] PHP Fatal error:  Call to a member function prepare() on a non-object in /home/ubuntu/workspace/groupProject2/cart.php on line 24
[08-Nov-2017 18:53:26 UTC] PHP Stack trace:
[08-Nov-2017 18:53:26 UTC] PHP   1. {main}() /home/ubuntu/workspace/groupProject2/cart.php:0
[08-Nov-2017 18:53:26 UTC] PHP   2. displayItems() /home/ubuntu/workspace/groupProject2/cart.php:77
[08-Nov-2017 18:55:05 UTC] PHP Fatal error:  Call to a member function prepare() on a non-object in /home/ubuntu/workspace/groupProject2/index.php on line 10
[08-Nov-2017 18:55:05 UTC] PHP Stack trace:
[08-Nov-2017 18:55:05 UTC] PHP   1. {main}() /home/ubuntu/workspace/groupProject2/index.php:0
[08-Nov-2017 18:55:05 UTC] PHP   2. getItemTypes() /home/ubuntu/workspace/groupProject2/index.php:140
[03-Dec-2017 01:39:43 UTC] PHP Fatal error:  Call to undefined function url() in /home/ubuntu/workspace/final/index.php on line 2
[03-Dec-2017 01:39:43 UTC] PHP Stack trace:
[03-Dec-2017 01:39:43 UTC] PHP   1. {main}() /home/ubuntu/workspace/final/index.php:0
[03-Dec-2017 02:31:27 UTC] PHP Warning:  include(../../dbConn.php): failed to open stream: No such file or directory in /home/ubuntu/workspace/final/user.php on line 3
[03-Dec-2017 02:31:27 UTC] PHP Stack trace:
[03-Dec-2017 02:31:27 UTC] PHP   1. {main}() /home/ubuntu/workspace/final/user.php:0
[03-Dec-2017 02:31:27 UTC] PHP Warning:  include(): Failed opening '../../dbConn.php' for inclusion (include_path='.:/usr/share/php:/usr/share/pear') in /home/ubuntu/workspace/final/user.php on line 3
[03-Dec-2017 02:31:27 UTC] PHP Stack trace:
[03-Dec-2017 02:31:27 UTC] PHP   1. {main}() /home/ubuntu/workspace/final/user.php:0
