[06-Dec-2017 20:10:02 UTC] PHP Warning:  include(../dbConn.php): failed to open stream: No such file or directory in /home/ubuntu/workspace/final/php/api.php on line 2
[06-Dec-2017 20:10:02 UTC] PHP Stack trace:
[06-Dec-2017 20:10:02 UTC] PHP   1. {main}() /home/ubuntu/workspace/final/php/api.php:0
[06-Dec-2017 20:10:02 UTC] PHP Warning:  include(): Failed opening '../dbConn.php' for inclusion (include_path='.:/usr/share/php:/usr/share/pear') in /home/ubuntu/workspace/final/php/api.php on line 2
[06-Dec-2017 20:10:02 UTC] PHP Stack trace:
[06-Dec-2017 20:10:02 UTC] PHP   1. {main}() /home/ubuntu/workspace/final/php/api.php:0
[06-Dec-2017 20:10:02 UTC] PHP Fatal error:  Call to a member function execute() on a non-object in /home/ubuntu/workspace/final/php/api.php on line 6
[06-Dec-2017 20:10:02 UTC] PHP Stack trace:
[06-Dec-2017 20:10:02 UTC] PHP   1. {main}() /home/ubuntu/workspace/final/php/api.php:0
[06-Dec-2017 20:10:19 UTC] PHP Fatal error:  Call to a member function execute() on a non-object in /home/ubuntu/workspace/final/php/api.php on line 6
[06-Dec-2017 20:10:19 UTC] PHP Stack trace:
[06-Dec-2017 20:10:19 UTC] PHP   1. {main}() /home/ubuntu/workspace/final/php/api.php:0
[06-Dec-2017 20:10:35 UTC] PHP Fatal error:  Call to a member function execute() on a non-object in /home/ubuntu/workspace/final/php/api.php on line 6
[06-Dec-2017 20:10:35 UTC] PHP Stack trace:
[06-Dec-2017 20:10:35 UTC] PHP   1. {main}() /home/ubuntu/workspace/final/php/api.php:0
[06-Dec-2017 20:10:39 UTC] PHP Fatal error:  Call to a member function execute() on a non-object in /home/ubuntu/workspace/final/php/api.php on line 6
[06-Dec-2017 20:10:39 UTC] PHP Stack trace:
[06-Dec-2017 20:10:39 UTC] PHP   1. {main}() /home/ubuntu/workspace/final/php/api.php:0
[06-Dec-2017 20:10:51 UTC] PHP Fatal error:  Call to a member function execute() on a non-object in /home/ubuntu/workspace/final/php/api.php on line 6
[06-Dec-2017 20:10:51 UTC] PHP Stack trace:
[06-Dec-2017 20:10:51 UTC] PHP   1. {main}() /home/ubuntu/workspace/final/php/api.php:0
[06-Dec-2017 20:10:57 UTC] PHP Fatal error:  Call to a member function execute() on a non-object in /home/ubuntu/workspace/final/php/api.php on line 6
[06-Dec-2017 20:10:57 UTC] PHP Stack trace:
[06-Dec-2017 20:10:57 UTC] PHP   1. {main}() /home/ubuntu/workspace/final/php/api.php:0
