[29-Sep-2017 19:38:05 UTC] PHP Fatal error:  Call to undefined function curl_init() in /home/ubuntu/workspace/labs/lab4/api/pixabayAPI.php on line 5
[29-Sep-2017 19:38:38 UTC] PHP Fatal error:  Call to undefined function curl_init() in /home/ubuntu/workspace/labs/lab4/api/pixabayAPI.php on line 5
[29-Sep-2017 20:04:28 UTC] PHP Fatal error:  Maximum execution time of 300 seconds exceeded in /home/ubuntu/workspace/labs/lab4/index.php on line 32
[29-Sep-2017 20:25:52 UTC] PHP Parse error:  syntax error, unexpected end of file in /home/ubuntu/workspace/labs/lab4/index.php on line 70
[29-Sep-2017 20:32:41 UTC] PHP Fatal error:  Maximum execution time of 300 seconds exceeded in /home/ubuntu/workspace/labs/lab4/index.php on line 54
[06-Oct-2017 20:29:37 UTC] PHP Fatal error:  Undefined class constant 'ERRMODE_EXEPTION' in /home/ubuntu/workspace/labs/lab5/index.php on line 9
[06-Oct-2017 20:29:37 UTC] PHP Stack trace:
[06-Oct-2017 20:29:37 UTC] PHP   1. {main}() /home/ubuntu/workspace/labs/lab5/index.php:0
[06-Oct-2017 20:29:55 UTC] PHP Fatal error:  Undefined class constant 'ASSOC' in /home/ubuntu/workspace/labs/lab5/index.php on line 14
[06-Oct-2017 20:29:55 UTC] PHP Stack trace:
[06-Oct-2017 20:29:55 UTC] PHP   1. {main}() /home/ubuntu/workspace/labs/lab5/index.php:0
[06-Oct-2017 20:51:50 UTC] PHP Fatal error:  Call to a member function prepare() on a non-object in /home/ubuntu/workspace/labs/lab5/index.php on line 17
[06-Oct-2017 20:51:50 UTC] PHP Stack trace:
[06-Oct-2017 20:51:50 UTC] PHP   1. {main}() /home/ubuntu/workspace/labs/lab5/index.php:0
[13-Oct-2017 23:54:19 UTC] PHP Fatal error:  Uncaught exception 'PDOException' with message 'SQLSTATE[42S22]: Column not found: 1054 Unknown column 'type' in 'field list'' in /home/ubuntu/workspace/labs/lab5/action_page.php:41
Stack trace:
#0 /home/ubuntu/workspace/labs/lab5/action_page.php(41): PDOStatement->execute()
#1 {main}
  thrown in /home/ubuntu/workspace/labs/lab5/action_page.php on line 41
[14-Oct-2017 00:17:15 UTC] PHP Fatal error:  Uncaught exception 'PDOException' with message 'SQLSTATE[42000]: Syntax error or access violation: 1064 You have an error in your SQL syntax; check the manual that corresponds to your MySQL server version for the right syntax to use near '%%' at line 1' in /home/ubuntu/workspace/labs/lab5/action_page.php:41
Stack trace:
#0 /home/ubuntu/workspace/labs/lab5/action_page.php(41): PDOStatement->execute()
#1 {main}
  thrown in /home/ubuntu/workspace/labs/lab5/action_page.php on line 41
[14-Oct-2017 00:18:50 UTC] PHP Fatal error:  Uncaught exception 'PDOException' with message 'SQLSTATE[42000]: Syntax error or access violation: 1064 You have an error in your SQL syntax; check the manual that corresponds to your MySQL server version for the right syntax to use near '%%' at line 1' in /home/ubuntu/workspace/labs/lab5/index.php:53
Stack trace:
#0 /home/ubuntu/workspace/labs/lab5/index.php(53): PDOStatement->execute()
#1 {main}
  thrown in /home/ubuntu/workspace/labs/lab5/index.php on line 53
[14-Oct-2017 00:18:54 UTC] PHP Fatal error:  Uncaught exception 'PDOException' with message 'SQLSTATE[42000]: Syntax error or access violation: 1064 You have an error in your SQL syntax; check the manual that corresponds to your MySQL server version for the right syntax to use near '%%' at line 1' in /home/ubuntu/workspace/labs/lab5/index.php:53
Stack trace:
#0 /home/ubuntu/workspace/labs/lab5/index.php(53): PDOStatement->execute()
#1 {main}
  thrown in /home/ubuntu/workspace/labs/lab5/index.php on line 53
[14-Oct-2017 00:19:13 UTC] PHP Fatal error:  Uncaught exception 'PDOException' with message 'SQLSTATE[42000]: Syntax error or access violation: 1064 You have an error in your SQL syntax; check the manual that corresponds to your MySQL server version for the right syntax to use near '%%' at line 1' in /home/ubuntu/workspace/labs/lab5/index.php:53
Stack trace:
#0 /home/ubuntu/workspace/labs/lab5/index.php(53): PDOStatement->execute()
#1 {main}
  thrown in /home/ubuntu/workspace/labs/lab5/index.php on line 53
[14-Oct-2017 00:19:17 UTC] PHP Fatal error:  Uncaught exception 'PDOException' with message 'SQLSTATE[42000]: Syntax error or access violation: 1064 You have an error in your SQL syntax; check the manual that corresponds to your MySQL server version for the right syntax to use near '%%' at line 1' in /home/ubuntu/workspace/labs/lab5/index.php:53
Stack trace:
#0 /home/ubuntu/workspace/labs/lab5/index.php(53): PDOStatement->execute()
#1 {main}
  thrown in /home/ubuntu/workspace/labs/lab5/index.php on line 53
[14-Oct-2017 00:19:20 UTC] PHP Fatal error:  Uncaught exception 'PDOException' with message 'SQLSTATE[42000]: Syntax error or access violation: 1064 You have an error in your SQL syntax; check the manual that corresponds to your MySQL server version for the right syntax to use near '%%' at line 1' in /home/ubuntu/workspace/labs/lab5/index.php:53
Stack trace:
#0 /home/ubuntu/workspace/labs/lab5/index.php(53): PDOStatement->execute()
#1 {main}
  thrown in /home/ubuntu/workspace/labs/lab5/index.php on line 53
[14-Oct-2017 00:21:03 UTC] PHP Fatal error:  Uncaught exception 'PDOException' with message 'SQLSTATE[42000]: Syntax error or access violation: 1064 You have an error in your SQL syntax; check the manual that corresponds to your MySQL server version for the right syntax to use near '%canon%' at line 1' in /home/ubuntu/workspace/labs/lab5/action.php:53
Stack trace:
#0 /home/ubuntu/workspace/labs/lab5/action.php(53): PDOStatement->execute()
#1 {main}
  thrown in /home/ubuntu/workspace/labs/lab5/action.php on line 53
[14-Oct-2017 01:45:37 UTC] PHP Fatal error:  Uncaught exception 'PDOException' with message 'SQLSTATE[42000]: Syntax error or access violation: 1065 Query was empty' in /home/ubuntu/workspace/labs/lab5/action.php:64
Stack trace:
#0 /home/ubuntu/workspace/labs/lab5/action.php(64): PDOStatement->execute()
#1 {main}
  thrown in /home/ubuntu/workspace/labs/lab5/action.php on line 64
[14-Oct-2017 05:24:43 UTC] PHP Fatal error:  Uncaught exception 'PDOException' with message 'SQLSTATE[42000]: Syntax error or access violation: 1064 You have an error in your SQL syntax; check the manual that corresponds to your MySQL server version for the right syntax to use near 'A'' at line 1' in /home/ubuntu/workspace/labs/lab5/action.php:66
Stack trace:
#0 /home/ubuntu/workspace/labs/lab5/action.php(66): PDOStatement->execute()
#1 {main}
  thrown in /home/ubuntu/workspace/labs/lab5/action.php on line 66
[16-Oct-2017 03:26:25 UTC] PHP Fatal error:  Uncaught exception 'PDOException' with message 'SQLSTATE[42000]: Syntax error or access violation: 1064 You have an error in your SQL syntax; check the manual that corresponds to your MySQL server version for the right syntax to use near 'where deviceName like '%%' AND deviceType = 'tablet'' at line 1' in /home/ubuntu/workspace/labs/lab5/action.php:62
Stack trace:
#0 /home/ubuntu/workspace/labs/lab5/action.php(62): PDOStatement->execute()
#1 {main}
  thrown in /home/ubuntu/workspace/labs/lab5/action.php on line 62
[16-Oct-2017 03:26:48 UTC] PHP Fatal error:  Uncaught exception 'PDOException' with message 'SQLSTATE[42000]: Syntax error or access violation: 1064 You have an error in your SQL syntax; check the manual that corresponds to your MySQL server version for the right syntax to use near 'where deviceName like '%%' AND deviceType = 'tablet'' at line 1' in /home/ubuntu/workspace/labs/lab5/action.php:62
Stack trace:
#0 /home/ubuntu/workspace/labs/lab5/action.php(62): PDOStatement->execute()
#1 {main}
  thrown in /home/ubuntu/workspace/labs/lab5/action.php on line 62
[16-Oct-2017 03:26:49 UTC] PHP Fatal error:  Uncaught exception 'PDOException' with message 'SQLSTATE[42000]: Syntax error or access violation: 1064 You have an error in your SQL syntax; check the manual that corresponds to your MySQL server version for the right syntax to use near 'where deviceName like '%%' AND deviceType = 'tablet'' at line 1' in /home/ubuntu/workspace/labs/lab5/action.php:62
Stack trace:
#0 /home/ubuntu/workspace/labs/lab5/action.php(62): PDOStatement->execute()
#1 {main}
  thrown in /home/ubuntu/workspace/labs/lab5/action.php on line 62
[16-Oct-2017 03:26:53 UTC] PHP Fatal error:  Uncaught exception 'PDOException' with message 'SQLSTATE[42000]: Syntax error or access violation: 1064 You have an error in your SQL syntax; check the manual that corresponds to your MySQL server version for the right syntax to use near 'where deviceName like '%%' AND deviceType = 'camera'' at line 1' in /home/ubuntu/workspace/labs/lab5/action.php:62
Stack trace:
#0 /home/ubuntu/workspace/labs/lab5/action.php(62): PDOStatement->execute()
#1 {main}
  thrown in /home/ubuntu/workspace/labs/lab5/action.php on line 62
[18-Oct-2017 20:19:12 UTC] PHP Fatal error:  Call to undefined function displayUsers() in /home/ubuntu/workspace/labs/lab6/admin.php on line 15
[18-Oct-2017 20:19:12 UTC] PHP Stack trace:
[18-Oct-2017 20:19:12 UTC] PHP   1. {main}() /home/ubuntu/workspace/labs/lab6/admin.php:0
[18-Oct-2017 20:25:52 UTC] PHP Fatal error:  Call to undefined function displayUsers() in /home/ubuntu/workspace/labs/lab6/admin.php on line 15
[18-Oct-2017 20:25:52 UTC] PHP Stack trace:
[18-Oct-2017 20:25:52 UTC] PHP   1. {main}() /home/ubuntu/workspace/labs/lab6/admin.php:0
[18-Oct-2017 20:26:41 UTC] PHP Fatal error:  Call to a member function prepare() on a non-object in /home/ubuntu/workspace/labs/lab6/login.php on line 41
[18-Oct-2017 20:26:41 UTC] PHP Stack trace:
[18-Oct-2017 20:26:41 UTC] PHP   1. {main}() /home/ubuntu/workspace/labs/lab6/admin.php:0
[18-Oct-2017 20:26:41 UTC] PHP   2. displayUsers() /home/ubuntu/workspace/labs/lab6/admin.php:15
[18-Oct-2017 20:27:47 UTC] PHP Fatal error:  Call to a member function prepare() on a non-object in /home/ubuntu/workspace/labs/lab6/admin.php on line 5
[18-Oct-2017 20:27:47 UTC] PHP Stack trace:
[18-Oct-2017 20:27:47 UTC] PHP   1. {main}() /home/ubuntu/workspace/labs/lab6/admin.php:0
[18-Oct-2017 20:27:47 UTC] PHP   2. displayUsers() /home/ubuntu/workspace/labs/lab6/admin.php:22
[18-Oct-2017 20:27:49 UTC] PHP Fatal error:  Call to a member function prepare() on a non-object in /home/ubuntu/workspace/labs/lab6/admin.php on line 5
[18-Oct-2017 20:27:49 UTC] PHP Stack trace:
[18-Oct-2017 20:27:49 UTC] PHP   1. {main}() /home/ubuntu/workspace/labs/lab6/admin.php:0
[18-Oct-2017 20:27:49 UTC] PHP   2. displayUsers() /home/ubuntu/workspace/labs/lab6/admin.php:22
[18-Oct-2017 20:28:00 UTC] PHP Fatal error:  Call to a member function prepare() on a non-object in /home/ubuntu/workspace/labs/lab6/admin.php on line 5
[18-Oct-2017 20:28:00 UTC] PHP Stack trace:
[18-Oct-2017 20:28:00 UTC] PHP   1. {main}() /home/ubuntu/workspace/labs/lab6/admin.php:0
[18-Oct-2017 20:28:00 UTC] PHP   2. displayUsers() /home/ubuntu/workspace/labs/lab6/admin.php:22
[18-Oct-2017 20:34:52 UTC] PHP Fatal error:  Uncaught exception 'PDOException' with message 'SQLSTATE[42000]: Syntax error or access violation: 1064 You have an error in your SQL syntax; check the manual that corresponds to your MySQL server version for the right syntax to use near 'da39a3ee5e6b4b0d3255bfef95601890afd80709'' at line 1' in /home/ubuntu/workspace/labs/lab6/login.php:27
Stack trace:
#0 /home/ubuntu/workspace/labs/lab6/login.php(27): PDOStatement->execute()
#1 {main}
  thrown in /home/ubuntu/workspace/labs/lab6/login.php on line 27
[25-Oct-2017 20:07:57 UTC] PHP Fatal error:  Call to a member function prepare() on a non-object in /home/ubuntu/workspace/labs/lab6/addUser.php on line 86
[25-Oct-2017 20:07:57 UTC] PHP Stack trace:
[25-Oct-2017 20:07:57 UTC] PHP   1. {main}() /home/ubuntu/workspace/labs/lab6/addUser.php:0
[25-Oct-2017 20:08:44 UTC] PHP Fatal error:  Call to a member function prepare() on a non-object in /home/ubuntu/workspace/labs/lab6/addUser.php on line 86
[25-Oct-2017 20:08:44 UTC] PHP Stack trace:
[25-Oct-2017 20:08:44 UTC] PHP   1. {main}() /home/ubuntu/workspace/labs/lab6/addUser.php:0
[25-Oct-2017 20:15:53 UTC] PHP Fatal error:  Uncaught exception 'PDOException' with message 'SQLSTATE[HY093]: Invalid parameter number: no parameters were bound' in /home/ubuntu/workspace/labs/lab6/addUser.php:92
Stack trace:
#0 /home/ubuntu/workspace/labs/lab6/addUser.php(92): PDOStatement->execute()
#1 {main}
  thrown in /home/ubuntu/workspace/labs/lab6/addUser.php on line 92
[25-Oct-2017 20:17:59 UTC] PHP Fatal error:  Uncaught exception 'PDOException' with message 'SQLSTATE[HY093]: Invalid parameter number: no parameters were bound' in /home/ubuntu/workspace/labs/lab6/addUser.php:92
Stack trace:
#0 /home/ubuntu/workspace/labs/lab6/addUser.php(92): PDOStatement->execute()
#1 {main}
  thrown in /home/ubuntu/workspace/labs/lab6/addUser.php on line 92
[25-Oct-2017 20:18:01 UTC] PHP Fatal error:  Uncaught exception 'PDOException' with message 'SQLSTATE[HY093]: Invalid parameter number: no parameters were bound' in /home/ubuntu/workspace/labs/lab6/addUser.php:92
Stack trace:
#0 /home/ubuntu/workspace/labs/lab6/addUser.php(92): PDOStatement->execute()
#1 {main}
  thrown in /home/ubuntu/workspace/labs/lab6/addUser.php on line 92
[25-Oct-2017 20:18:06 UTC] PHP Fatal error:  Uncaught exception 'PDOException' with message 'SQLSTATE[HY093]: Invalid parameter number: no parameters were bound' in /home/ubuntu/workspace/labs/lab6/addUser.php:92
Stack trace:
#0 /home/ubuntu/workspace/labs/lab6/addUser.php(92): PDOStatement->execute()
#1 {main}
  thrown in /home/ubuntu/workspace/labs/lab6/addUser.php on line 92
[25-Oct-2017 20:18:09 UTC] PHP Fatal error:  Uncaught exception 'PDOException' with message 'SQLSTATE[HY093]: Invalid parameter number: no parameters were bound' in /home/ubuntu/workspace/labs/lab6/addUser.php:92
Stack trace:
#0 /home/ubuntu/workspace/labs/lab6/addUser.php(92): PDOStatement->execute()
#1 {main}
  thrown in /home/ubuntu/workspace/labs/lab6/addUser.php on line 92
[29-Nov-2017 21:21:05 UTC] PHP Warning:  include(../../dbConnection.php): failed to open stream: No such file or directory in /home/ubuntu/workspace/labs/lab9/adoptions.php on line 5
[29-Nov-2017 21:21:05 UTC] PHP Stack trace:
[29-Nov-2017 21:21:05 UTC] PHP   1. {main}() /home/ubuntu/workspace/labs/lab9/adoptions.php:0
[29-Nov-2017 21:21:05 UTC] PHP   2. getPetList() /home/ubuntu/workspace/labs/lab9/adoptions.php:24
[29-Nov-2017 21:21:05 UTC] PHP Warning:  include(): Failed opening '../../dbConnection.php' for inclusion (include_path='.:/usr/share/php:/usr/share/pear') in /home/ubuntu/workspace/labs/lab9/adoptions.php on line 5
[29-Nov-2017 21:21:05 UTC] PHP Stack trace:
[29-Nov-2017 21:21:05 UTC] PHP   1. {main}() /home/ubuntu/workspace/labs/lab9/adoptions.php:0
[29-Nov-2017 21:21:05 UTC] PHP   2. getPetList() /home/ubuntu/workspace/labs/lab9/adoptions.php:24
[29-Nov-2017 21:21:05 UTC] PHP Fatal error:  Call to undefined function getDatabaseConnection() in /home/ubuntu/workspace/labs/lab9/adoptions.php on line 6
[29-Nov-2017 21:21:05 UTC] PHP Stack trace:
[29-Nov-2017 21:21:05 UTC] PHP   1. {main}() /home/ubuntu/workspace/labs/lab9/adoptions.php:0
[29-Nov-2017 21:21:05 UTC] PHP   2. getPetList() /home/ubuntu/workspace/labs/lab9/adoptions.php:24
[01-Dec-2017 20:51:35 UTC] PHP Warning:  move_uploaded_file() expects exactly 2 parameters, 1 given in /home/ubuntu/workspace/labs/lab10/index.php on line 4
[01-Dec-2017 20:51:35 UTC] PHP Stack trace:
[01-Dec-2017 20:51:35 UTC] PHP   1. {main}() /home/ubuntu/workspace/labs/lab10/index.php:0
[01-Dec-2017 20:51:35 UTC] PHP   2. move_uploaded_file() /home/ubuntu/workspace/labs/lab10/index.php:4
[01-Dec-2017 20:54:36 UTC] PHP Warning:  move_uploaded_file(uploads//tmp/phpGeTv82): failed to open stream: No such file or directory in /home/ubuntu/workspace/labs/lab10/index.php on line 4
[01-Dec-2017 20:54:36 UTC] PHP Stack trace:
[01-Dec-2017 20:54:36 UTC] PHP   1. {main}() /home/ubuntu/workspace/labs/lab10/index.php:0
[01-Dec-2017 20:54:36 UTC] PHP   2. move_uploaded_file() /home/ubuntu/workspace/labs/lab10/index.php:4
[01-Dec-2017 20:54:36 UTC] PHP Warning:  move_uploaded_file(): Unable to move '/tmp/phpGeTv82' to 'uploads//tmp/phpGeTv82' in /home/ubuntu/workspace/labs/lab10/index.php on line 4
[01-Dec-2017 20:54:36 UTC] PHP Stack trace:
[01-Dec-2017 20:54:36 UTC] PHP   1. {main}() /home/ubuntu/workspace/labs/lab10/index.php:0
[01-Dec-2017 20:54:36 UTC] PHP   2. move_uploaded_file() /home/ubuntu/workspace/labs/lab10/index.php:4
[01-Dec-2017 20:54:54 UTC] PHP Warning:  move_uploaded_file(uploads/tmp/phpti4JON): failed to open stream: No such file or directory in /home/ubuntu/workspace/labs/lab10/index.php on line 4
[01-Dec-2017 20:54:54 UTC] PHP Stack trace:
[01-Dec-2017 20:54:54 UTC] PHP   1. {main}() /home/ubuntu/workspace/labs/lab10/index.php:0
[01-Dec-2017 20:54:54 UTC] PHP   2. move_uploaded_file() /home/ubuntu/workspace/labs/lab10/index.php:4
[01-Dec-2017 20:54:54 UTC] PHP Warning:  move_uploaded_file(): Unable to move '/tmp/phpti4JON' to 'uploads/tmp/phpti4JON' in /home/ubuntu/workspace/labs/lab10/index.php on line 4
[01-Dec-2017 20:54:54 UTC] PHP Stack trace:
[01-Dec-2017 20:54:54 UTC] PHP   1. {main}() /home/ubuntu/workspace/labs/lab10/index.php:0
[01-Dec-2017 20:54:54 UTC] PHP   2. move_uploaded_file() /home/ubuntu/workspace/labs/lab10/index.php:4
[01-Dec-2017 21:04:43 UTC] PHP Warning:  move_uploaded_file(gallery/pz_W_CsvNMw.jpg): failed to open stream: No such file or directory in /home/ubuntu/workspace/labs/lab10/index.php on line 5
[01-Dec-2017 21:04:43 UTC] PHP Stack trace:
[01-Dec-2017 21:04:43 UTC] PHP   1. {main}() /home/ubuntu/workspace/labs/lab10/index.php:0
[01-Dec-2017 21:04:43 UTC] PHP   2. move_uploaded_file() /home/ubuntu/workspace/labs/lab10/index.php:5
[01-Dec-2017 21:04:43 UTC] PHP Warning:  move_uploaded_file(): Unable to move '/tmp/phpnONotC' to 'gallery/pz_W_CsvNMw.jpg' in /home/ubuntu/workspace/labs/lab10/index.php on line 5
[01-Dec-2017 21:04:43 UTC] PHP Stack trace:
[01-Dec-2017 21:04:43 UTC] PHP   1. {main}() /home/ubuntu/workspace/labs/lab10/index.php:0
[01-Dec-2017 21:04:43 UTC] PHP   2. move_uploaded_file() /home/ubuntu/workspace/labs/lab10/index.php:5
[01-Dec-2017 21:04:43 UTC] PHP Warning:  scandir(gallery/): failed to open dir: No such file or directory in /home/ubuntu/workspace/labs/lab10/index.php on line 7
[01-Dec-2017 21:04:43 UTC] PHP Stack trace:
[01-Dec-2017 21:04:43 UTC] PHP   1. {main}() /home/ubuntu/workspace/labs/lab10/index.php:0
[01-Dec-2017 21:04:43 UTC] PHP   2. scandir() /home/ubuntu/workspace/labs/lab10/index.php:7
[01-Dec-2017 21:04:43 UTC] PHP Warning:  scandir(): (errno 2): No such file or directory in /home/ubuntu/workspace/labs/lab10/index.php on line 7
[01-Dec-2017 21:04:43 UTC] PHP Stack trace:
[01-Dec-2017 21:04:43 UTC] PHP   1. {main}() /home/ubuntu/workspace/labs/lab10/index.php:0
[01-Dec-2017 21:04:43 UTC] PHP   2. scandir() /home/ubuntu/workspace/labs/lab10/index.php:7
[01-Dec-2017 21:04:58 UTC] PHP Warning:  move_uploaded_file(gallery/pz_W_CsvNMw.jpg): failed to open stream: No such file or directory in /home/ubuntu/workspace/labs/lab10/index.php on line 5
[01-Dec-2017 21:04:58 UTC] PHP Stack trace:
[01-Dec-2017 21:04:58 UTC] PHP   1. {main}() /home/ubuntu/workspace/labs/lab10/index.php:0
[01-Dec-2017 21:04:58 UTC] PHP   2. move_uploaded_file() /home/ubuntu/workspace/labs/lab10/index.php:5
[01-Dec-2017 21:04:58 UTC] PHP Warning:  move_uploaded_file(): Unable to move '/tmp/phpxNUrHz' to 'gallery/pz_W_CsvNMw.jpg' in /home/ubuntu/workspace/labs/lab10/index.php on line 5
[01-Dec-2017 21:04:58 UTC] PHP Stack trace:
[01-Dec-2017 21:04:58 UTC] PHP   1. {main}() /home/ubuntu/workspace/labs/lab10/index.php:0
[01-Dec-2017 21:04:58 UTC] PHP   2. move_uploaded_file() /home/ubuntu/workspace/labs/lab10/index.php:5
[01-Dec-2017 21:04:58 UTC] PHP Warning:  scandir(gallery/): failed to open dir: No such file or directory in /home/ubuntu/workspace/labs/lab10/index.php on line 7
[01-Dec-2017 21:04:58 UTC] PHP Stack trace:
[01-Dec-2017 21:04:58 UTC] PHP   1. {main}() /home/ubuntu/workspace/labs/lab10/index.php:0
[01-Dec-2017 21:04:58 UTC] PHP   2. scandir() /home/ubuntu/workspace/labs/lab10/index.php:7
[01-Dec-2017 21:04:58 UTC] PHP Warning:  scandir(): (errno 2): No such file or directory in /home/ubuntu/workspace/labs/lab10/index.php on line 7
[01-Dec-2017 21:04:58 UTC] PHP Stack trace:
[01-Dec-2017 21:04:58 UTC] PHP   1. {main}() /home/ubuntu/workspace/labs/lab10/index.php:0
[01-Dec-2017 21:04:58 UTC] PHP   2. scandir() /home/ubuntu/workspace/labs/lab10/index.php:7
[01-Dec-2017 21:05:59 UTC] PHP Warning:  move_uploaded_file(gallery/pz_W_CsvNMw.jpg): failed to open stream: No such file or directory in /home/ubuntu/workspace/labs/lab10/index.php on line 5
[01-Dec-2017 21:05:59 UTC] PHP Stack trace:
[01-Dec-2017 21:05:59 UTC] PHP   1. {main}() /home/ubuntu/workspace/labs/lab10/index.php:0
[01-Dec-2017 21:05:59 UTC] PHP   2. move_uploaded_file() /home/ubuntu/workspace/labs/lab10/index.php:5
[01-Dec-2017 21:05:59 UTC] PHP Warning:  move_uploaded_file(): Unable to move '/tmp/phpO3fSkU' to 'gallery/pz_W_CsvNMw.jpg' in /home/ubuntu/workspace/labs/lab10/index.php on line 5
[01-Dec-2017 21:05:59 UTC] PHP Stack trace:
[01-Dec-2017 21:05:59 UTC] PHP   1. {main}() /home/ubuntu/workspace/labs/lab10/index.php:0
[01-Dec-2017 21:05:59 UTC] PHP   2. move_uploaded_file() /home/ubuntu/workspace/labs/lab10/index.php:5
[01-Dec-2017 21:06:15 UTC] PHP Warning:  move_uploaded_file(gallery/pz_W_CsvNMw.jpg): failed to open stream: No such file or directory in /home/ubuntu/workspace/labs/lab10/index.php on line 5
[01-Dec-2017 21:06:15 UTC] PHP Stack trace:
[01-Dec-2017 21:06:15 UTC] PHP   1. {main}() /home/ubuntu/workspace/labs/lab10/index.php:0
[01-Dec-2017 21:06:15 UTC] PHP   2. move_uploaded_file() /home/ubuntu/workspace/labs/lab10/index.php:5
[01-Dec-2017 21:06:15 UTC] PHP Warning:  move_uploaded_file(): Unable to move '/tmp/phpzsCWa4' to 'gallery/pz_W_CsvNMw.jpg' in /home/ubuntu/workspace/labs/lab10/index.php on line 5
[01-Dec-2017 21:06:15 UTC] PHP Stack trace:
[01-Dec-2017 21:06:15 UTC] PHP   1. {main}() /home/ubuntu/workspace/labs/lab10/index.php:0
[01-Dec-2017 21:06:15 UTC] PHP   2. move_uploaded_file() /home/ubuntu/workspace/labs/lab10/index.php:5
[01-Dec-2017 21:06:33 UTC] PHP Warning:  move_uploaded_file(gallery/pz_W_CsvNMw.jpg): failed to open stream: No such file or directory in /home/ubuntu/workspace/labs/lab10/index.php on line 5
[01-Dec-2017 21:06:33 UTC] PHP Stack trace:
[01-Dec-2017 21:06:33 UTC] PHP   1. {main}() /home/ubuntu/workspace/labs/lab10/index.php:0
[01-Dec-2017 21:06:33 UTC] PHP   2. move_uploaded_file() /home/ubuntu/workspace/labs/lab10/index.php:5
[01-Dec-2017 21:06:33 UTC] PHP Warning:  move_uploaded_file(): Unable to move '/tmp/phpDC105S' to 'gallery/pz_W_CsvNMw.jpg' in /home/ubuntu/workspace/labs/lab10/index.php on line 5
[01-Dec-2017 21:06:33 UTC] PHP Stack trace:
[01-Dec-2017 21:06:33 UTC] PHP   1. {main}() /home/ubuntu/workspace/labs/lab10/index.php:0
[01-Dec-2017 21:06:33 UTC] PHP   2. move_uploaded_file() /home/ubuntu/workspace/labs/lab10/index.php:5
[01-Dec-2017 21:06:37 UTC] PHP Warning:  move_uploaded_file(gallery/btjzinb6s5cy.jpg): failed to open stream: No such file or directory in /home/ubuntu/workspace/labs/lab10/index.php on line 5
[01-Dec-2017 21:06:37 UTC] PHP Stack trace:
[01-Dec-2017 21:06:37 UTC] PHP   1. {main}() /home/ubuntu/workspace/labs/lab10/index.php:0
[01-Dec-2017 21:06:37 UTC] PHP   2. move_uploaded_file() /home/ubuntu/workspace/labs/lab10/index.php:5
[01-Dec-2017 21:06:37 UTC] PHP Warning:  move_uploaded_file(): Unable to move '/tmp/phpmGyS50' to 'gallery/btjzinb6s5cy.jpg' in /home/ubuntu/workspace/labs/lab10/index.php on line 5
[01-Dec-2017 21:06:37 UTC] PHP Stack trace:
[01-Dec-2017 21:06:37 UTC] PHP   1. {main}() /home/ubuntu/workspace/labs/lab10/index.php:0
[01-Dec-2017 21:06:37 UTC] PHP   2. move_uploaded_file() /home/ubuntu/workspace/labs/lab10/index.php:5
[01-Dec-2017 21:06:41 UTC] PHP Warning:  move_uploaded_file(gallery/pz_W_CsvNMw.jpg): failed to open stream: No such file or directory in /home/ubuntu/workspace/labs/lab10/index.php on line 5
[01-Dec-2017 21:06:41 UTC] PHP Stack trace:
[01-Dec-2017 21:06:41 UTC] PHP   1. {main}() /home/ubuntu/workspace/labs/lab10/index.php:0
[01-Dec-2017 21:06:41 UTC] PHP   2. move_uploaded_file() /home/ubuntu/workspace/labs/lab10/index.php:5
[01-Dec-2017 21:06:41 UTC] PHP Warning:  move_uploaded_file(): Unable to move '/tmp/phpHev8kw' to 'gallery/pz_W_CsvNMw.jpg' in /home/ubuntu/workspace/labs/lab10/index.php on line 5
[01-Dec-2017 21:06:41 UTC] PHP Stack trace:
[01-Dec-2017 21:06:41 UTC] PHP   1. {main}() /home/ubuntu/workspace/labs/lab10/index.php:0
[01-Dec-2017 21:06:41 UTC] PHP   2. move_uploaded_file() /home/ubuntu/workspace/labs/lab10/index.php:5
[05-Dec-2017 02:24:54 UTC] PHP Warning:  include(../../dbConnection.php): failed to open stream: No such file or directory in /home/ubuntu/workspace/labs/lab9/adoptions.php on line 5
[05-Dec-2017 02:24:54 UTC] PHP Stack trace:
[05-Dec-2017 02:24:54 UTC] PHP   1. {main}() /home/ubuntu/workspace/labs/lab9/adoptions.php:0
[05-Dec-2017 02:24:54 UTC] PHP   2. getPetList() /home/ubuntu/workspace/labs/lab9/adoptions.php:66
[05-Dec-2017 02:24:54 UTC] PHP Warning:  include(): Failed opening '../../dbConnection.php' for inclusion (include_path='.:/usr/share/php:/usr/share/pear') in /home/ubuntu/workspace/labs/lab9/adoptions.php on line 5
[05-Dec-2017 02:24:54 UTC] PHP Stack trace:
[05-Dec-2017 02:24:54 UTC] PHP   1. {main}() /home/ubuntu/workspace/labs/lab9/adoptions.php:0
[05-Dec-2017 02:24:54 UTC] PHP   2. getPetList() /home/ubuntu/workspace/labs/lab9/adoptions.php:66
[05-Dec-2017 02:24:54 UTC] PHP Fatal error:  Call to undefined function getDatabaseConnection() in /home/ubuntu/workspace/labs/lab9/adoptions.php on line 6
[05-Dec-2017 02:24:54 UTC] PHP Stack trace:
[05-Dec-2017 02:24:54 UTC] PHP   1. {main}() /home/ubuntu/workspace/labs/lab9/adoptions.php:0
[05-Dec-2017 02:24:54 UTC] PHP   2. getPetList() /home/ubuntu/workspace/labs/lab9/adoptions.php:66
